TN:
SF:utils\calculNote.js
FN:3,additionner
FN:12,isValidMoyenne
FN:17,calculMention
FNF:3
FNH:3
FNDA:3,additionner
FNDA:16,isValidMoyenne
FNDA:9,calculMention
DA:4,3
DA:13,16
DA:14,13
DA:18,9
DA:19,1
DA:21,8
DA:22,2
DA:24,6
DA:25,4
DA:26,3
DA:27,3
DA:28,2
DA:30,1
LF:13
LH:13
BRDA:13,0,0,3
BRDA:13,0,1,13
BRDA:13,1,0,16
BRDA:13,1,1,13
BRDA:14,2,0,13
BRDA:14,2,1,11
BRDA:18,3,0,1
BRDA:18,3,1,8
BRDA:18,4,0,9
BRDA:18,4,1,8
BRDA:21,5,0,2
BRDA:21,5,1,6
BRDA:24,6,0,2
BRDA:24,6,1,4
BRDA:25,7,0,1
BRDA:25,7,1,3
BRDA:26,8,0,0
BRDA:26,8,1,3
BRDA:27,9,0,1
BRDA:27,9,1,2
BRF:20
BRH:19
end_of_record
